<?xml version="1.0" encoding="UTF-8"?>
<testsuite xmlns:xsi="http://www.w3.org/2001/XMLSchema-instance" xsi:noNamespaceSchemaLocation="https://maven.apache.org/surefire/maven-surefire-plugin/xsd/surefire-test-report.xsd" name="TestSuite" time="102.265" tests="4" errors="0" skipped="0" failures="2">
  <properties>
    <property name="sun.desktop" value="windows"/>
    <property name="awt.toolkit" value="sun.awt.windows.WToolkit"/>
    <property name="file.encoding.pkg" value="sun.io"/>
    <property name="java.specification.version" value="1.8"/>
    <property name="sun.cpu.isalist" value="amd64"/>
    <property name="sun.jnu.encoding" value="Cp1252"/>
    <property name="java.class.path" value="C:\Users\jey\eclipse-workspace\ChallengeEthoca\target\test-classes;C:\Users\jey\eclipse-workspace\ChallengeEthoca\target\classes;C:\Users\jey\.m2\repository\org\testng\testng\6.8\testng-6.8.jar;C:\Users\jey\.m2\repository\junit\junit\4.10\junit-4.10.jar;C:\Users\jey\.m2\repository\org\hamcrest\hamcrest-core\1.1\hamcrest-core-1.1.jar;C:\Users\jey\.m2\repository\org\beanshell\bsh\2.0b4\bsh-2.0b4.jar;C:\Users\jey\.m2\repository\com\beust\jcommander\1.27\jcommander-1.27.jar;C:\Users\jey\.m2\repository\org\yaml\snakeyaml\1.6\snakeyaml-1.6.jar;C:\Users\jey\.m2\repository\org\seleniumhq\selenium\selenium-java\2.47.1\selenium-java-2.47.1.jar;C:\Users\jey\.m2\repository\org\seleniumhq\selenium\selenium-chrome-driver\2.47.1\selenium-chrome-driver-2.47.1.jar;C:\Users\jey\.m2\repository\org\seleniumhq\selenium\selenium-remote-driver\2.47.1\selenium-remote-driver-2.47.1.jar;C:\Users\jey\.m2\repository\cglib\cglib-nodep\2.1_3\cglib-nodep-2.1_3.jar;C:\Users\jey\.m2\repository\com\google\code\gson\gson\2.3.1\gson-2.3.1.jar;C:\Users\jey\.m2\repository\org\seleniumhq\selenium\selenium-api\2.47.1\selenium-api-2.47.1.jar;C:\Users\jey\.m2\repository\com\google\guava\guava\18.0\guava-18.0.jar;C:\Users\jey\.m2\repository\org\seleniumhq\selenium\selenium-edge-driver\2.47.1\selenium-edge-driver-2.47.1.jar;C:\Users\jey\.m2\repository\commons-io\commons-io\2.4\commons-io-2.4.jar;C:\Users\jey\.m2\repository\org\apache\commons\commons-exec\1.3\commons-exec-1.3.jar;C:\Users\jey\.m2\repository\org\seleniumhq\selenium\selenium-htmlunit-driver\2.47.1\selenium-htmlunit-driver-2.47.1.jar;C:\Users\jey\.m2\repository\net\sourceforge\htmlunit\htmlunit\2.17\htmlunit-2.17.jar;C:\Users\jey\.m2\repository\xalan\xalan\2.7.2\xalan-2.7.2.jar;C:\Users\jey\.m2\repository\xalan\serializer\2.7.2\serializer-2.7.2.jar;C:\Users\jey\.m2\repository\commons-collections\commons-collections\3.2.1\commons-collections-3.2.1.jar;C:\Users\jey\.m2\repository\org\apache\commons\commons-lang3\3.4\commons-lang3-3.4.jar;C:\Users\jey\.m2\repository\org\apache\httpcomponents\httpmime\4.4.1\httpmime-4.4.1.jar;C:\Users\jey\.m2\repository\commons-codec\commons-codec\1.10\commons-codec-1.10.jar;C:\Users\jey\.m2\repository\net\sourceforge\htmlunit\htmlunit-core-js\2.17\htmlunit-core-js-2.17.jar;C:\Users\jey\.m2\repository\xerces\xercesImpl\2.11.0\xercesImpl-2.11.0.jar;C:\Users\jey\.m2\repository\xml-apis\xml-apis\1.4.01\xml-apis-1.4.01.jar;C:\Users\jey\.m2\repository\net\sourceforge\nekohtml\nekohtml\1.9.22\nekohtml-1.9.22.jar;C:\Users\jey\.m2\repository\net\sourceforge\cssparser\cssparser\0.9.16\cssparser-0.9.16.jar;C:\Users\jey\.m2\repository\org\w3c\css\sac\1.3\sac-1.3.jar;C:\Users\jey\.m2\repository\commons-logging\commons-logging\1.2\commons-logging-1.2.jar;C:\Users\jey\.m2\repository\org\eclipse\jetty\websocket\websocket-client\9.2.11.v20150529\websocket-client-9.2.11.v20150529.jar;C:\Users\jey\.m2\repository\org\eclipse\jetty\jetty-util\9.2.11.v20150529\jetty-util-9.2.11.v20150529.jar;C:\Users\jey\.m2\repository\org\eclipse\jetty\jetty-io\9.2.11.v20150529\jetty-io-9.2.11.v20150529.jar;C:\Users\jey\.m2\repository\org\eclipse\jetty\websocket\websocket-common\9.2.11.v20150529\websocket-common-9.2.11.v20150529.jar;C:\Users\jey\.m2\repository\org\eclipse\jetty\websocket\websocket-api\9.2.11.v20150529\websocket-api-9.2.11.v20150529.jar;C:\Users\jey\.m2\repository\org\apache\httpcomponents\httpclient\4.4.1\httpclient-4.4.1.jar;C:\Users\jey\.m2\repository\org\apache\httpcomponents\httpcore\4.4.1\httpcore-4.4.1.jar;C:\Users\jey\.m2\repository\org\seleniumhq\selenium\selenium-firefox-driver\2.47.1\selenium-firefox-driver-2.47.1.jar;C:\Users\jey\.m2\repository\org\seleniumhq\selenium\selenium-ie-driver\2.47.1\selenium-ie-driver-2.47.1.jar;C:\Users\jey\.m2\repository\net\java\dev\jna\jna\4.1.0\jna-4.1.0.jar;C:\Users\jey\.m2\repository\net\java\dev\jna\jna-platform\4.1.0\jna-platform-4.1.0.jar;C:\Users\jey\.m2\repository\org\seleniumhq\selenium\selenium-safari-driver\2.47.1\selenium-safari-driver-2.47.1.jar;C:\Users\jey\.m2\repository\org\seleniumhq\selenium\selenium-support\2.47.1\selenium-support-2.47.1.jar;C:\Users\jey\.m2\repository\org\webbitserver\webbit\0.4.14\webbit-0.4.14.jar;C:\Users\jey\.m2\repository\io\netty\netty\3.5.2.Final\netty-3.5.2.Final.jar;C:\Users\jey\.m2\repository\org\seleniumhq\selenium\selenium-leg-rc\2.47.1\selenium-leg-rc-2.47.1.jar;C:\Users\jey\.m2\repository\log4j\log4j\1.2.17\log4j-1.2.17.jar;C:\Users\jey\.m2\repository\org\apache\maven\surefire\surefire-testng-utils\2.21.0\surefire-testng-utils-2.21.0.jar;C:\Users\jey\.m2\repository\org\apache\maven\surefire\surefire-grouper\2.21.0\surefire-grouper-2.21.0.jar;"/>
    <property name="java.vm.vendor" value="Oracle Corporation"/>
    <property name="sun.arch.data.model" value="64"/>
    <property name="user.variant" value=""/>
    <property name="java.vendor.url" value="http://java.oracle.com/"/>
    <property name="user.timezone" value=""/>
    <property name="java.vm.specification.version" value="1.8"/>
    <property name="os.name" value="Windows 10"/>
    <property name="user.country" value="US"/>
    <property name="sun.java.launcher" value="SUN_STANDARD"/>
    <property name="sun.boot.library.path" value="C:\Program Files\Java\jdk1.8.0_171\jre\bin"/>
    <property name="sun.java.command" value="C:\Users\jey\AppData\Local\Temp\surefire5911829250229264624\surefirebooter4068488675538149824.jar C:\Users\jey\AppData\Local\Temp\surefire5911829250229264624 2018-06-13T13-31-43_446-jvmRun1 surefire9103402738386822795tmp surefire_07662009173600190992tmp"/>
    <property name="surefire.test.class.path" value="C:\Users\jey\eclipse-workspace\ChallengeEthoca\target\test-classes;C:\Users\jey\eclipse-workspace\ChallengeEthoca\target\classes;C:\Users\jey\.m2\repository\org\testng\testng\6.8\testng-6.8.jar;C:\Users\jey\.m2\repository\junit\junit\4.10\junit-4.10.jar;C:\Users\jey\.m2\repository\org\hamcrest\hamcrest-core\1.1\hamcrest-core-1.1.jar;C:\Users\jey\.m2\repository\org\beanshell\bsh\2.0b4\bsh-2.0b4.jar;C:\Users\jey\.m2\repository\com\beust\jcommander\1.27\jcommander-1.27.jar;C:\Users\jey\.m2\repository\org\yaml\snakeyaml\1.6\snakeyaml-1.6.jar;C:\Users\jey\.m2\repository\org\seleniumhq\selenium\selenium-java\2.47.1\selenium-java-2.47.1.jar;C:\Users\jey\.m2\repository\org\seleniumhq\selenium\selenium-chrome-driver\2.47.1\selenium-chrome-driver-2.47.1.jar;C:\Users\jey\.m2\repository\org\seleniumhq\selenium\selenium-remote-driver\2.47.1\selenium-remote-driver-2.47.1.jar;C:\Users\jey\.m2\repository\cglib\cglib-nodep\2.1_3\cglib-nodep-2.1_3.jar;C:\Users\jey\.m2\repository\com\google\code\gson\gson\2.3.1\gson-2.3.1.jar;C:\Users\jey\.m2\repository\org\seleniumhq\selenium\selenium-api\2.47.1\selenium-api-2.47.1.jar;C:\Users\jey\.m2\repository\com\google\guava\guava\18.0\guava-18.0.jar;C:\Users\jey\.m2\repository\org\seleniumhq\selenium\selenium-edge-driver\2.47.1\selenium-edge-driver-2.47.1.jar;C:\Users\jey\.m2\repository\commons-io\commons-io\2.4\commons-io-2.4.jar;C:\Users\jey\.m2\repository\org\apache\commons\commons-exec\1.3\commons-exec-1.3.jar;C:\Users\jey\.m2\repository\org\seleniumhq\selenium\selenium-htmlunit-driver\2.47.1\selenium-htmlunit-driver-2.47.1.jar;C:\Users\jey\.m2\repository\net\sourceforge\htmlunit\htmlunit\2.17\htmlunit-2.17.jar;C:\Users\jey\.m2\repository\xalan\xalan\2.7.2\xalan-2.7.2.jar;C:\Users\jey\.m2\repository\xalan\serializer\2.7.2\serializer-2.7.2.jar;C:\Users\jey\.m2\repository\commons-collections\commons-collections\3.2.1\commons-collections-3.2.1.jar;C:\Users\jey\.m2\repository\org\apache\commons\commons-lang3\3.4\commons-lang3-3.4.jar;C:\Users\jey\.m2\repository\org\apache\httpcomponents\httpmime\4.4.1\httpmime-4.4.1.jar;C:\Users\jey\.m2\repository\commons-codec\commons-codec\1.10\commons-codec-1.10.jar;C:\Users\jey\.m2\repository\net\sourceforge\htmlunit\htmlunit-core-js\2.17\htmlunit-core-js-2.17.jar;C:\Users\jey\.m2\repository\xerces\xercesImpl\2.11.0\xercesImpl-2.11.0.jar;C:\Users\jey\.m2\repository\xml-apis\xml-apis\1.4.01\xml-apis-1.4.01.jar;C:\Users\jey\.m2\repository\net\sourceforge\nekohtml\nekohtml\1.9.22\nekohtml-1.9.22.jar;C:\Users\jey\.m2\repository\net\sourceforge\cssparser\cssparser\0.9.16\cssparser-0.9.16.jar;C:\Users\jey\.m2\repository\org\w3c\css\sac\1.3\sac-1.3.jar;C:\Users\jey\.m2\repository\commons-logging\commons-logging\1.2\commons-logging-1.2.jar;C:\Users\jey\.m2\repository\org\eclipse\jetty\websocket\websocket-client\9.2.11.v20150529\websocket-client-9.2.11.v20150529.jar;C:\Users\jey\.m2\repository\org\eclipse\jetty\jetty-util\9.2.11.v20150529\jetty-util-9.2.11.v20150529.jar;C:\Users\jey\.m2\repository\org\eclipse\jetty\jetty-io\9.2.11.v20150529\jetty-io-9.2.11.v20150529.jar;C:\Users\jey\.m2\repository\org\eclipse\jetty\websocket\websocket-common\9.2.11.v20150529\websocket-common-9.2.11.v20150529.jar;C:\Users\jey\.m2\repository\org\eclipse\jetty\websocket\websocket-api\9.2.11.v20150529\websocket-api-9.2.11.v20150529.jar;C:\Users\jey\.m2\repository\org\apache\httpcomponents\httpclient\4.4.1\httpclient-4.4.1.jar;C:\Users\jey\.m2\repository\org\apache\httpcomponents\httpcore\4.4.1\httpcore-4.4.1.jar;C:\Users\jey\.m2\repository\org\seleniumhq\selenium\selenium-firefox-driver\2.47.1\selenium-firefox-driver-2.47.1.jar;C:\Users\jey\.m2\repository\org\seleniumhq\selenium\selenium-ie-driver\2.47.1\selenium-ie-driver-2.47.1.jar;C:\Users\jey\.m2\repository\net\java\dev\jna\jna\4.1.0\jna-4.1.0.jar;C:\Users\jey\.m2\repository\net\java\dev\jna\jna-platform\4.1.0\jna-platform-4.1.0.jar;C:\Users\jey\.m2\repository\org\seleniumhq\selenium\selenium-safari-driver\2.47.1\selenium-safari-driver-2.47.1.jar;C:\Users\jey\.m2\repository\org\seleniumhq\selenium\selenium-support\2.47.1\selenium-support-2.47.1.jar;C:\Users\jey\.m2\repository\org\webbitserver\webbit\0.4.14\webbit-0.4.14.jar;C:\Users\jey\.m2\repository\io\netty\netty\3.5.2.Final\netty-3.5.2.Final.jar;C:\Users\jey\.m2\repository\org\seleniumhq\selenium\selenium-leg-rc\2.47.1\selenium-leg-rc-2.47.1.jar;C:\Users\jey\.m2\repository\log4j\log4j\1.2.17\log4j-1.2.17.jar;C:\Users\jey\.m2\repository\org\apache\maven\surefire\surefire-testng-utils\2.21.0\surefire-testng-utils-2.21.0.jar;C:\Users\jey\.m2\repository\org\apache\maven\surefire\surefire-grouper\2.21.0\surefire-grouper-2.21.0.jar;"/>
    <property name="sun.cpu.endian" value="little"/>
    <property name="user.home" value="C:\Users\jey"/>
    <property name="user.language" value="en"/>
    <property name="java.specification.vendor" value="Oracle Corporation"/>
    <property name="java.home" value="C:\Program Files\Java\jdk1.8.0_171\jre"/>
    <property name="basedir" value="C:\Users\jey\eclipse-workspace\ChallengeEthoca"/>
    <property name="file.separator" value="\"/>
    <property name="line.separator" value="&#10;"/>
    <property name="java.vm.specification.vendor" value="Oracle Corporation"/>
    <property name="java.specification.name" value="Java Platform API Specification"/>
    <property name="java.awt.graphicsenv" value="sun.awt.Win32GraphicsEnvironment"/>
    <property name="surefire.real.class.path" value="C:\Users\jey\AppData\Local\Temp\surefire5911829250229264624\surefirebooter4068488675538149824.jar"/>
    <property name="sun.boot.class.path" value="C:\Program Files\Java\jdk1.8.0_171\jre\lib\resources.jar;C:\Program Files\Java\jdk1.8.0_171\jre\lib\rt.jar;C:\Program Files\Java\jdk1.8.0_171\jre\lib\sunrsasign.jar;C:\Program Files\Java\jdk1.8.0_171\jre\lib\jsse.jar;C:\Program Files\Java\jdk1.8.0_171\jre\lib\jce.jar;C:\Program Files\Java\jdk1.8.0_171\jre\lib\charsets.jar;C:\Program Files\Java\jdk1.8.0_171\jre\lib\jfr.jar;C:\Program Files\Java\jdk1.8.0_171\jre\classes"/>
    <property name="user.script" value=""/>
    <property name="sun.management.compiler" value="HotSpot 64-Bit Tiered Compilers"/>
    <property name="java.runtime.version" value="1.8.0_171-b11"/>
    <property name="user.name" value="jey"/>
    <property name="path.separator" value=";"/>
    <property name="os.version" value="10.0"/>
    <property name="java.endorsed.dirs" value="C:\Program Files\Java\jdk1.8.0_171\jre\lib\endorsed"/>
    <property name="java.runtime.name" value="Java(TM) SE Runtime Environment"/>
    <property name="file.encoding" value="Cp1252"/>
    <property name="java.vm.name" value="Java HotSpot(TM) 64-Bit Server VM"/>
    <property name="localRepository" value="C:\Users\jey\.m2\repository"/>
    <property name="java.vendor.url.bug" value="http://bugreport.sun.com/bugreport/"/>
    <property name="java.io.tmpdir" value="C:\Users\jey\AppData\Local\Temp\"/>
    <property name="java.version" value="1.8.0_171"/>
    <property name="user.dir" value="C:\Users\jey\eclipse-workspace\ChallengeEthoca"/>
    <property name="os.arch" value="amd64"/>
    <property name="java.vm.specification.name" value="Java Virtual Machine Specification"/>
    <property name="java.awt.printerjob" value="sun.awt.windows.WPrinterJob"/>
    <property name="sun.os.patch.level" value=""/>
    <property name="java.library.path" value="C:\Program Files\Java\jdk1.8.0_171\jre\bin;C:\Windows\Sun\Java\bin;C:\Windows\system32;C:\Windows;C:/Program Files/Java/jre1.8.0_171/bin/server;C:/Program Files/Java/jre1.8.0_171/bin;C:/Program Files/Java/jre1.8.0_171/lib/amd64;C:\Users\jey\Maven\apache-maven-3.5.3\bin;C:\Program Files (x86)\Common Files\Oracle\Java\javapath;C:\Windows\system32;C:\Windows;C:\Windows\System32\Wbem;C:\Windows\System32\WindowsPowerShell\v1.0\;C:\Windows\System32\OpenSSH\;C:\Program Files\Git\cmd;C:\Program Files\Intel\WiFi\bin\;C:\Program Files\Common Files\Intel\WirelessCommon\;C:\Program Files (x86)\Skype\Phone\;C:\Program Files\nodejs\;C:\Program Files\Java\jre1.8.0_171\bin;C:\Program Files\Java\jdk1.8.0_171\bin;C:\Users\jey\AppData\Local\Microsoft\WindowsApps;C:\Users\jey\AppData\Roaming\npm;C:\eclipse;;."/>
    <property name="java.vm.info" value="mixed mode"/>
    <property name="java.vendor" value="Oracle Corporation"/>
    <property name="java.vm.version" value="25.171-b11"/>
    <property name="java.ext.dirs" value="C:\Program Files\Java\jdk1.8.0_171\jre\lib\ext;C:\Windows\Sun\Java\lib\ext"/>
    <property name="sun.io.unicode.encoding" value="UnicodeLittle"/>
    <property name="java.class.version" value="52.0"/>
  </properties>
  <testcase name="createOrder_forMultipleItems_createdSuccessfully" classname="tests.ShoppingCartTests" time="39.504"/>
  <testcase name="createOrder_forOneMagicMouse_createdSuccessfully" classname="tests.ShoppingCartTests" time="9.855">
    <failure message="Expected the number of items in the cart to be 1 but found 0 expected [1] but found [0]" type="java.lang.AssertionError">java.lang.AssertionError: Expected the number of items in the cart to be 1 but found 0 expected [1] but found [0]
	at tests.ShoppingCartTests.createOrder_forOneMagicMouse_createdSuccessfully(ShoppingCartTests.java:36)
</failure>
    <system-out><![CDATA[TEST STARTED: tests.ShoppingCartTests#createOrder_forOneMagicMouse_createdSuccessfully
 INFO [main] (TestBase.java:56)- Initiating the test session
 INFO [main] (BasePage.java:99)- Waiting for page to load
 INFO [main] (BasePage.java:44)- Navigating to Product Category > Accessories via navigation menu
 INFO [main] (BasePage.java:99)- Waiting for page to load
 INFO [main] (BasePage.java:99)- Waiting for page to load
 INFO [main] (AccessoriesPage.java:38)- Clicking on 'AddToCart' button and adding Magic Mouse to cart...
 INFO [main] (BasePage.java:99)- Waiting for page to load
]]></system-out>
  </testcase>
  <testcase name="removeAnItem_ffromCheckoutPage_removedSuccessfully" classname="tests.ShoppingCartTests" time="23.587">
    <failure message="Expected only 1 item to be displayed in the cart but 2 items were displayed expected [2] but found [1]" type="java.lang.AssertionError">java.lang.AssertionError: Expected only 1 item to be displayed in the cart but 2 items were displayed expected [2] but found [1]
	at tests.ShoppingCartTests.removeAnItem_ffromCheckoutPage_removedSuccessfully(ShoppingCartTests.java:109)
</failure>
    <system-out><![CDATA[TEST STARTED: tests.ShoppingCartTests#removeAnItem_ffromCheckoutPage_removedSuccessfully
 INFO [main] (TestBase.java:56)- Initiating the test session
 INFO [main] (BasePage.java:99)- Waiting for page to load
 INFO [main] (BasePage.java:44)- Navigating to Product Category > Accessories via navigation menu
 INFO [main] (BasePage.java:99)- Waiting for page to load
 INFO [main] (BasePage.java:99)- Waiting for page to load
 INFO [main] (AccessoriesPage.java:38)- Clicking on 'AddToCart' button and adding Magic Mouse to cart...
 INFO [main] (BasePage.java:99)- Waiting for page to load
 INFO [main] (AccessoriesPage.java:38)- Clicking on 'AddToCart' button and adding Apple TV to cart...
 INFO [main] (BasePage.java:99)- Waiting for page to load
 INFO [main] (AccessoriesPage.java:38)- Clicking on 'AddToCart' button and adding Apple TV to cart...
 INFO [main] (BasePage.java:99)- Waiting for page to load
 INFO [main] (BasePage.java:99)- Waiting for page to load
 INFO [main] (BasePage.java:99)- Waiting for page to load
]]></system-out>
  </testcase>
  <testcase name="updateQuantity_fromCheckoutPage_updatedSuccessfully" classname="tests.ShoppingCartTests" time="22.033"/>
</testsuite>