<?xml version="1.0" encoding="UTF-8"?>
<!-- Generated by org.testng.reporters.JUnitReportReporter -->
<testsuite hostname="9932941Canada2" name="tests.ShoppingCartTests" tests="1" failures="0" timestamp="14 Jun 2018 03:11:45 GMT" time="35.500" errors="0">
  <testcase name="createOrder_forMultipleItems_createdSuccessfully" time="35.500" classname="tests.ShoppingCartTests"/>
</testsuite> <!-- tests.ShoppingCartTests -->
