<?xml version="1.0" encoding="UTF-8"?>
<!-- Generated by org.testng.reporters.JUnitReportReporter -->
<testsuite hostname="9932941Canada2" name="tests.ShoppingCartTests" tests="4" failures="0" timestamp="13 Jun 2018 18:03:18 GMT" time="124.877" errors="0">
  <testcase name="removeAnItem_ffromCheckoutPage_removedSuccessfully" time="23.985" classname="tests.ShoppingCartTests"/>
  <testcase name="createOrder_forOneMagicMouse_createdSuccessfully" time="44.789" classname="tests.ShoppingCartTests"/>
  <testcase name="updateQuantity_fromCheckoutPage_updatedSuccessfully" time="18.036" classname="tests.ShoppingCartTests"/>
  <testcase name="createOrder_forMultipleItems_createdSuccessfully" time="38.067" classname="tests.ShoppingCartTests"/>
</testsuite> <!-- tests.ShoppingCartTests -->
